<?xml version="1.0" encoding="UTF-8"?>
<!-- Generated by org.testng.reporters.JUnitXMLReporter -->
<testsuite ignored="0" hostname="jcraj-desktop" failures="0" tests="7" name="Default test" time="14.215" errors="0" timestamp="2025-04-09T12:32:03 IST">
  <testcase classname="Utiltity.NewTest" name="Openbrowser" time="3.98"/>
  <testcase classname="Utiltity.NewTest" name="enterURL" time="6.216"/>
  <testcase classname="Utiltity.NewTest" name="enterdata" time="0.074"/>
  <testcase classname="Utiltity.NewTest" name="waittoseesearhresult" time="3.002"/>
  <testcase classname="Utiltity.NewTest" name="enterUeRL" time="0.786"/>
  <testcase classname="Utiltity.NewTest" name="Pagetitle" time="0.008"/>
  <testcase classname="Utiltity.NewTest" name="closebrowser" time="0.087"/>
</testsuite> <!-- Default test -->
