<?xml version="1.0" encoding="UTF-8"?>
<!-- Generated by org.testng.reporters.JUnitXMLReporter -->
<testsuite ignored="0" hostname="jcraj-desktop" failures="0" tests="11" name="Test" time="36.681" errors="0" timestamp="2025-04-23T17:17:15 IST">
  <testcase classname="TC_For_Forgot_Password.Forgot_Password_fields_alertsTest" name="Setup" time="4.806"/>
  <testcase classname="TC_For_Forgot_Password.Forgot_Password_fields_alertsTest" name="Email_field_alert" time="6.172"/>
  <testcase classname="TC_For_Forgot_Password.Forgot_Password_fields_alertsTest" name="Change_Password_Page_fields_alert" time="5.789"/>
  <testcase classname="TC_For_Forgot_Password.Forgot_Password_fields_alertsTest" name="QuitBrowser" time="1.09"/>
  <testcase classname="TC_For_Forgot_Password.Forgot_PasswordTest" name="Setup" time="3.568"/>
  <testcase classname="TC_For_Forgot_Password.Forgot_PasswordTest" name="Forgot_Password" time="7.587"/>
  <testcase classname="TC_For_Forgot_Password.Forgot_PasswordTest" name="QuitBrowser" time="2.073"/>
  <testcase classname="Identify_links.Links_Persent_or_NotTest" name="Setup" time="3.479"/>
  <testcase classname="Identify_links.Links_Persent_or_NotTest" name="Header_Links" time="1.45"/>
  <testcase classname="Identify_links.Links_Persent_or_NotTest" name="Footer_Links" time="0.219"/>
  <testcase classname="Identify_links.Links_Persent_or_NotTest" name="QuitBrowser" time="0.076"/>
</testsuite> <!-- Test -->
