<?xml version="1.0" encoding="UTF-8"?>
<!-- Generated by org.testng.reporters.JUnitXMLReporter -->
<testsuite ignored="0" hostname="jcraj-desktop" failures="0" tests="7" name="Test" time="33.329" errors="0" timestamp="2025-04-23T11:33:32 IST">
  <testcase classname="TC_For_Forgot_Password.Forgot_Password_fields_alertsTest" name="Setup" time="5.341"/>
  <testcase classname="TC_For_Forgot_Password.Forgot_Password_fields_alertsTest" name="Email_field_alert" time="6.544"/>
  <testcase classname="TC_For_Forgot_Password.Forgot_Password_fields_alertsTest" name="Change_Password_Page_fields_alert" time="5.873"/>
  <testcase classname="TC_For_Forgot_Password.Forgot_Password_fields_alertsTest" name="QuitBrowser" time="1.096"/>
  <testcase classname="TC_For_Forgot_Password.Forgot_PasswordTest" name="Setup" time="4.764"/>
  <testcase classname="TC_For_Forgot_Password.Forgot_PasswordTest" name="Forgot_Password" time="7.29"/>
  <testcase classname="TC_For_Forgot_Password.Forgot_PasswordTest" name="QuitBrowser" time="2.073"/>
</testsuite> <!-- Test -->
