<?xml version="1.0" encoding="UTF-8"?>
<testng-results ignored="0" total="3" passed="3" failed="0" skipped="0">
  <reporter-output>
  </reporter-output>
  <suite started-at="2025-05-01T10:26:10 IST" name="Default suite" finished-at="2025-05-01T10:26:37 IST" duration-ms="26393">
    <groups>
    </groups>
    <test started-at="2025-05-01T10:26:10 IST" name="Default test" finished-at="2025-05-01T10:26:37 IST" duration-ms="26393">
      <class name="Responsive_Testing.Staff_Responsive_TestingTest">
        <test-method signature="Carrier_Login()[pri:1, instance:Responsive_Testing.Staff_Responsive_TestingTest@517bd097]" started-at="2025-05-01T10:26:10 IST" name="Carrier_Login" finished-at="2025-05-01T10:26:23 IST" duration-ms="12386" status="PASS">
          <reporter-output>
          </reporter-output>
        </test-method> <!-- Carrier_Login -->
        <test-method signature="Staff_Profile()[pri:2, instance:Responsive_Testing.Staff_Responsive_TestingTest@517bd097]" started-at="2025-05-01T10:26:23 IST" name="Staff_Profile" finished-at="2025-05-01T10:26:29 IST" duration-ms="5797" status="PASS">
          <reporter-output>
          </reporter-output>
        </test-method> <!-- Staff_Profile -->
        <test-method signature="Staff_Dashboard()[pri:3, instance:Responsive_Testing.Staff_Responsive_TestingTest@517bd097]" started-at="2025-05-01T10:26:29 IST" name="Staff_Dashboard" finished-at="2025-05-01T10:26:36 IST" duration-ms="7782" status="PASS">
          <reporter-output>
          </reporter-output>
        </test-method> <!-- Staff_Dashboard -->
        <test-method is-config="true" signature="tearDown()[pri:0, instance:Responsive_Testing.Staff_Responsive_TestingTest@517bd097]" started-at="2025-05-01T10:26:36 IST" name="tearDown" finished-at="2025-05-01T10:26:37 IST" duration-ms="378" status="PASS">
          <reporter-output>
          </reporter-output>
        </test-method> <!-- tearDown -->
      </class> <!-- Responsive_Testing.Staff_Responsive_TestingTest -->
    </test> <!-- Default test -->
  </suite> <!-- Default suite -->
</testng-results>
